[debug] [2023-11-07T21:18:47.270Z] ----------------------------------------------------------------------
[debug] [2023-11-07T21:18:47.273Z] Command:       /usr/local/share/nvm/versions/node/v20.8.1/bin/node /home/codespace/nvm/current/bin/firebase serve
[debug] [2023-11-07T21:18:47.273Z] CLI Version:   12.8.0
[debug] [2023-11-07T21:18:47.274Z] Platform:      linux
[debug] [2023-11-07T21:18:47.274Z] Node Version:  v20.8.1
[debug] [2023-11-07T21:18:47.274Z] Time:          Tue Nov 07 2023 21:18:47 GMT+0000 (Coordinated Universal Time)
[debug] [2023-11-07T21:18:47.274Z] Env Overrides: GITHUB_API_URL
[debug] [2023-11-07T21:18:47.276Z] ----------------------------------------------------------------------
[debug] 
[debug] [2023-11-07T21:18:47.406Z] > command requires scopes: ["email","openid","https://www.googleapis.com/auth/cloudplatformprojects.readonly","https://www.googleapis.com/auth/firebase","https://www.googleapis.com/auth/cloud-platform"]
[debug] [2023-11-07T21:18:47.406Z] > authorizing via signed-in user (andy.burnett@knowinnovation.com)
[debug] [2023-11-07T21:18:47.407Z] [iam] checking project ftcscouting-397fd for permissions ["firebase.projects.get"]
[debug] [2023-11-07T21:18:47.408Z] >>> [apiv2][query] POST https://cloudresourcemanager.googleapis.com/v1/projects/ftcscouting-397fd:testIamPermissions [none]
[debug] [2023-11-07T21:18:47.408Z] >>> [apiv2][(partial)header] POST https://cloudresourcemanager.googleapis.com/v1/projects/ftcscouting-397fd:testIamPermissions x-goog-quota-user=projects/ftcscouting-397fd
[debug] [2023-11-07T21:18:47.408Z] >>> [apiv2][body] POST https://cloudresourcemanager.googleapis.com/v1/projects/ftcscouting-397fd:testIamPermissions {"permissions":["firebase.projects.get"]}
[debug] [2023-11-07T21:18:47.556Z] <<< [apiv2][status] POST https://cloudresourcemanager.googleapis.com/v1/projects/ftcscouting-397fd:testIamPermissions 200
[debug] [2023-11-07T21:18:47.556Z] <<< [apiv2][body] POST https://cloudresourcemanager.googleapis.com/v1/projects/ftcscouting-397fd:testIamPermissions {"permissions":["firebase.projects.get"]}
[debug] [2023-11-07T21:18:47.556Z] >>> [apiv2][query] GET https://firebase.googleapis.com/v1beta1/projects/ftcscouting-397fd [none]
[debug] [2023-11-07T21:18:47.744Z] <<< [apiv2][status] GET https://firebase.googleapis.com/v1beta1/projects/ftcscouting-397fd 200
[debug] [2023-11-07T21:18:47.745Z] <<< [apiv2][body] GET https://firebase.googleapis.com/v1beta1/projects/ftcscouting-397fd {"projectId":"ftcscouting-397fd","projectNumber":"176935577286","displayName":"2023FTCScouting","name":"projects/ftcscouting-397fd","resources":{"hostingSite":"ftcscouting-397fd","realtimeDatabaseInstance":"ftcscouting-397fd-default-rtdb"},"state":"ACTIVE","etag":"1_3c922ce6-241e-4664-b1a8-c4dd0e543485"}
[info] 
[info] === Serving from '/workspaces/2024-FTC-Center-Stage-Scouting-App'...
[info] 
[debug] [2023-11-07T21:18:47.751Z] defaultcredentials: writing to file /home/codespace/.config/firebase/andy_burnett_knowinnovation.com_application_default_credentials.json
[debug] [2023-11-07T21:18:47.752Z] >>> [apiv2][query] GET https://firebasehosting.googleapis.com/v1beta1/projects/ftcscouting-397fd/sites 
[debug] [2023-11-07T21:18:47.755Z] Setting GAC to /home/codespace/.config/firebase/andy_burnett_knowinnovation.com_application_default_credentials.json {"metadata":{"emulator":{"name":"functions"},"message":"Setting GAC to /home/codespace/.config/firebase/andy_burnett_knowinnovation.com_application_default_credentials.json"}}
[debug] [2023-11-07T21:18:47.756Z] >>> [apiv2][query] GET https://firebase.googleapis.com/v1beta1/projects/ftcscouting-397fd/adminSdkConfig [none]
[debug] [2023-11-07T21:18:47.923Z] <<< [apiv2][status] GET https://firebase.googleapis.com/v1beta1/projects/ftcscouting-397fd/adminSdkConfig 200
[debug] [2023-11-07T21:18:47.923Z] <<< [apiv2][body] GET https://firebase.googleapis.com/v1beta1/projects/ftcscouting-397fd/adminSdkConfig {"projectId":"ftcscouting-397fd","databaseURL":"https://ftcscouting-397fd-default-rtdb.firebaseio.com","storageBucket":"ftcscouting-397fd.appspot.com"}
[debug] [2023-11-07T21:18:48.078Z] <<< [apiv2][status] GET https://firebasehosting.googleapis.com/v1beta1/projects/ftcscouting-397fd/sites 200
[debug] [2023-11-07T21:18:48.078Z] <<< [apiv2][body] GET https://firebasehosting.googleapis.com/v1beta1/projects/ftcscouting-397fd/sites {"sites":[{"name":"projects/ftcscouting-397fd/sites/ftcscouting-397fd","defaultUrl":"https://ftcscouting-397fd.web.app","type":"DEFAULT_SITE"}]}
[debug] [2023-11-07T21:18:48.078Z] >>> [apiv2][query] GET https://firebase.googleapis.com/v1beta1/projects/ftcscouting-397fd/webApps/-/config [none]
[debug] [2023-11-07T21:18:48.339Z] <<< [apiv2][status] GET https://firebase.googleapis.com/v1beta1/projects/ftcscouting-397fd/webApps/-/config 200
[debug] [2023-11-07T21:18:48.340Z] <<< [apiv2][body] GET https://firebase.googleapis.com/v1beta1/projects/ftcscouting-397fd/webApps/-/config {"projectId":"ftcscouting-397fd","databaseURL":"https://ftcscouting-397fd-default-rtdb.firebaseio.com","storageBucket":"ftcscouting-397fd.appspot.com","apiKey":"AIzaSyD6Iv5YyGrl8Kd-JrOCpSsEDfUIDfgszWI","authDomain":"ftcscouting-397fd.firebaseapp.com","messagingSenderId":"176935577286"}
[debug] [2023-11-07T21:18:48.353Z] >>> [apiv2][query] GET https://firebase.googleapis.com/v1beta1/projects/ftcscouting-397fd [none]
[debug] [2023-11-07T21:18:48.510Z] <<< [apiv2][status] GET https://firebase.googleapis.com/v1beta1/projects/ftcscouting-397fd 200
[debug] [2023-11-07T21:18:48.510Z] <<< [apiv2][body] GET https://firebase.googleapis.com/v1beta1/projects/ftcscouting-397fd {"projectId":"ftcscouting-397fd","projectNumber":"176935577286","displayName":"2023FTCScouting","name":"projects/ftcscouting-397fd","resources":{"hostingSite":"ftcscouting-397fd","realtimeDatabaseInstance":"ftcscouting-397fd-default-rtdb"},"state":"ACTIVE","etag":"1_3c922ce6-241e-4664-b1a8-c4dd0e543485"}
[info] i  functions: Watching "/workspaces/2024-FTC-Center-Stage-Scouting-App/functions" for Cloud Functions... {"metadata":{"emulator":{"name":"functions"},"message":"Watching \"/workspaces/2024-FTC-Center-Stage-Scouting-App/functions\" for Cloud Functions..."}}
[info] i  hosting[ftcscouting-397fd]: Serving hosting files from: public {"metadata":{"emulator":{"name":"hosting"},"message":"Serving hosting files from: \u001b[1mpublic\u001b[22m"}}
[info] ✔  hosting[ftcscouting-397fd]: Local server: http://localhost:5000 {"metadata":{"emulator":{"name":"hosting"},"message":"Local server: \u001b[4m\u001b[1mhttp://localhost:5000\u001b[22m\u001b[24m"}}
[debug] [2023-11-07T21:18:48.541Z] Validating nodejs source
[debug] [2023-11-07T21:18:49.116Z] > [functions] package.json contents: {
  "name": "functions",
  "description": "Cloud Functions for Firebase",
  "scripts": {
    "lint": "eslint .",
    "serve": "firebase emulators:start --only functions",
    "shell": "firebase functions:shell",
    "start": "npm run shell",
    "deploy": "firebase deploy --only functions",
    "logs": "firebase functions:log"
  },
  "engines": {
    "node": "18"
  },
  "main": "index.js",
  "dependencies": {
    "firebase-admin": "^11.8.0",
    "firebase-functions": "^4.5.0"
  },
  "devDependencies": {
    "eslint": "^8.15.0",
    "eslint-config-google": "^0.14.0",
    "firebase-functions-test": "^3.1.0"
  },
  "private": true
}
[debug] [2023-11-07T21:18:49.116Z] Building nodejs source
[debug] [2023-11-07T21:18:49.116Z] Failed to find version of module node: reached end of search path /workspaces/2024-FTC-Center-Stage-Scouting-App/functions/node_modules
[warn] ⚠  functions: Your requested "node" version "18" doesn't match your global version "20". Using node@20 from host. 
[debug] [2023-11-07T21:18:49.123Z] Could not find functions.yaml. Must use http discovery
[debug] [2023-11-07T21:18:49.130Z] Found firebase-functions binary at '/workspaces/2024-FTC-Center-Stage-Scouting-App/functions/node_modules/.bin/firebase-functions'
[info] Serving at port 8290

[debug] [2023-11-07T21:18:49.580Z] Got response from /__/functions.yaml {"endpoints":{"app":{"platform":"gcfv1","availableMemoryMb":null,"timeoutSeconds":null,"minInstances":null,"maxInstances":null,"ingressSettings":null,"serviceAccountEmail":null,"vpc":null,"httpsTrigger":{},"entryPoint":"app"}},"specVersion":"v1alpha1","requiredAPIs":[]}
[info] ✔  functions: Loaded functions definitions from source: app. {"metadata":{"emulator":{"name":"functions"},"message":"Loaded functions definitions from source: app."}}
[info] ✔  functions[us-central1-app]: http function initialized (http://localhost:5001/ftcscouting-397fd/us-central1/app). {"metadata":{"emulator":{"name":"functions"},"message":"\u001b[1mhttp\u001b[22m function initialized (http://localhost:5001/ftcscouting-397fd/us-central1/app)."}}
